<?xml version="1.0" encoding="UTF-8"?>
<testsuite name="org.example.service.WallServiceTest" tests="1" skipped="0" failures="0" errors="0" timestamp="2022-10-28T13:08:16" hostname="DESKTOP-CU7RLI7" time="0.031">
  <properties/>
  <testcase name="add()" classname="org.example.service.WallServiceTest" time="0.031"/>
  <system-out><![CDATA[]]></system-out>
  <system-err><![CDATA[]]></system-err>
</testsuite>
