<?xml version="1.0" encoding="UTF-8"?>
<testsuite name="org.example.service.WallServiceTest" tests="1" skipped="0" failures="0" errors="0" timestamp="2022-10-28T09:47:28" hostname="DESKTOP-CU7RLI7" time="0.03">
  <properties/>
  <testcase name="update()" classname="org.example.service.WallServiceTest" time="0.03"/>
  <system-out><![CDATA[Результат выдан true
]]></system-out>
  <system-err><![CDATA[]]></system-err>
</testsuite>
